# stats: dump at 1396331823
stats: users 0 0
# stats: dump at 1396331833
stats: users 26 177
stats: session 35711 12.090356314734091 6.291055607606334 58.463134765625 3.007080078125 0 0
stats: users_count 35737 35737
stats: finish_users_count 35711 35711
stats: page 34262 10.068138043730645 6.234046106900923 56.18994140625 1.43408203125 0 0
stats: request 34262 10.068138043730645 6.234046106900923 56.18994140625 1.43408203125 0 0
stats: connect 34287 4.338948916612864 1.958233029273433 18.494140625 0.39111328125 0 0
stats: 200 34262 34262
stats: size_rcv 12368582 12368582
stats: size_sent 5438915 5438915
stats: connected 26 26
# stats: dump at 1396331843
stats: users 18 177
stats: session 31628 11.364026354404619 4.305148340465052 58.463134765625 2.6259765625 12.090356314734091 35711
stats: users_count 31620 67357
stats: finish_users_count 31628 67339
stats: page 31791 9.297353313192046 4.075328267532696 56.18994140625 1.255126953125 10.068138043730645 34262
stats: connect 31775 4.530587866038079 2.054792565996778 25.1279296875 0.369873046875 4.338948916612864 34287
stats: request 31791 9.297353313192046 4.075328267532696 56.18994140625 1.255126953125 10.068138043730645 34262
stats: 200 31791 66053
stats: size_rcv 11476551 23845133
stats: size_sent 5038835 10477750
stats: connected -16 10
# stats: dump at 1396331853
stats: users 38 177
stats: session 30256 11.666730641688291 5.049855013331132 58.463134765625 2.6259765625 11.749211302403932 67339
stats: users_count 30276 97633
stats: finish_users_count 30256 97595
stats: connect 30305 4.549700344672953 2.063657071534247 25.1279296875 0.369873046875 4.431124866750404 66062
stats: request 30314 9.57758064066155 4.905175894224826 56.18994140625 1.22900390625 9.697162957533914 66053
stats: page 30314 9.57758064066155 4.905175894224826 56.18994140625 1.22900390625 9.697162957533914 66053
stats: 200 30314 96367
stats: size_rcv 10943354 34788487
stats: size_sent 4806077 15283827
stats: connected -10 0
# stats: dump at 1396331863
stats: users 24 204
stats: session 33357 12.447595712903171 6.848094382112393 58.463134765625 2.6259765625 11.723640987627432 97595
stats: users_count 33343 130976
stats: finish_users_count 33357 130952
stats: request 33347 10.385688222809206 6.734337825535798 56.18994140625 1.22900390625 9.659546155582325 96367
stats: page 33347 10.385688222809206 6.734337825535798 56.18994140625 1.22900390625 9.659546155582325 96367
stats: connect 33359 4.448246527419976 2.0415305260515804 25.1279296875 0.369873046875 4.468413875004711 96367
stats: 200 33347 129714
stats: size_rcv 12038267 46826754
stats: size_sent 5291803 20575630
stats: connected 12 12
# stats: dump at 1396331873
stats: users 11 503
stats: session 33865 24.67005058861932 84.45167671513703 1020.9970703125 2.6259765625 11.908051747073817 130952
stats: users_count 33852 164828
stats: finish_users_count 33865 164817
stats: request 34130 22.48523725347019 84.10303743544847 1018.761962890625 1.22900390625 9.846223457306232 129714
stats: page 34130 22.48523725347019 84.10303743544847 1018.761962890625 1.22900390625 9.846223457306232 129714
stats: connect 34126 11.065258883496545 81.115818977971 1009.60888671875 0.364990234375 4.463227847931655 129726
stats: 200 34130 163844
stats: size_rcv 12320930 59147684
stats: size_sent 5411246 25986876
stats: connected -4 8
# stats: dump at 1396331883
stats: users 26 503
stats: session 32095 11.81257185394432 6.104156538878786 1020.9970703125 2.6259765625 14.530263598818104 164817
stats: users_count 32110 196938
stats: finish_users_count 32095 196912
stats: request 32225 9.738911280546935 5.972877699874428 1018.761962890625 1.156005859375 12.47902991261174 163844
stats: page 32225 9.738911280546935 5.972877699874428 1018.761962890625 1.156005859375 12.47902991261174 163844
stats: connect 32222 4.466545756114313 2.035730603832732 1009.60888671875 0.364990234375 5.838254769297812 163852
stats: 200 32225 196069
stats: size_rcv 11633225 70780909
stats: size_sent 5110022 31096898
stats: connected -3 5
# stats: dump at 1396331893
stats: users 0 503
stats: session 86 11.166381835937498 3.0767313033194195 1020.9970703125 2.6259765625 14.08730269977831 196912
stats: users_count 60 196998
stats: finish_users_count 86 196998
stats: request 929 9.085996629860757 3.83982255220477 1018.761962890625 1.156005859375 12.028676603734311 196069
stats: page 929 9.085996629860757 3.83982255220477 1018.761962890625 1.156005859375 12.028676603734311 196069
stats: 200 929 196998
stats: connect 924 5.150331439393932 2.4244752820844107 1009.60888671875 0.364990234375 5.612833714885709 196074
stats: size_rcv 335369 71116278
stats: size_sent 146524 31243422
stats: connected -5 0
# stats: dump at 1396331903
stats: users 0 503
stats: session 0 0 0 1020.9970703125 2.6259765625 14.086027564019112 196998
stats: users_count 0 196998
stats: finish_users_count 0 196998
stats: request 0 0 0 1018.761962890625 1.156005859375 12.014799560841853 196998
stats: page 0 0 0 1018.761962890625 1.156005859375 12.014799560841853 196998
stats: connect 0 0 0 1009.60888671875 0.364990234375 5.610664392849168 196998
stats: 200 0 196998
stats: size_rcv 0 71116278
stats: size_sent 0 31243422
stats: connected 0 0
# stats: dump at 1396331913
stats: users 0 503
stats: session 0 0 0 1020.9970703125 2.6259765625 14.086027564019112 196998
stats: users_count 0 196998
stats: finish_users_count 0 196998
stats: request 0 0 0 1018.761962890625 1.156005859375 12.014799560841853 196998
stats: page 0 0 0 1018.761962890625 1.156005859375 12.014799560841853 196998
stats: connect 0 0 0 1009.60888671875 0.364990234375 5.610664392849168 196998
stats: 200 0 196998
stats: size_rcv 0 71116278
stats: size_sent 0 31243422
stats: connected 0 0
# stats: dump at 1396331923
stats: users 0 503
stats: session 0 0 0 1020.9970703125 2.6259765625 14.086027564019112 196998
stats: users_count 0 196998
stats: finish_users_count 0 196998
stats: request 0 0 0 1018.761962890625 1.156005859375 12.014799560841853 196998
stats: page 0 0 0 1018.761962890625 1.156005859375 12.014799560841853 196998
stats: connect 0 0 0 1009.60888671875 0.364990234375 5.610664392849168 196998
stats: 200 0 196998
stats: size_rcv 0 71116278
stats: size_sent 0 31243422
stats: connected 0 0
# stats: dump at 1396331933
stats: users 0 503
stats: session 0 0 0 1020.9970703125 2.6259765625 14.086027564019112 196998
stats: users_count 0 196998
stats: finish_users_count 0 196998
stats: request 0 0 0 1018.761962890625 1.156005859375 12.014799560841853 196998
stats: page 0 0 0 1018.761962890625 1.156005859375 12.014799560841853 196998
stats: connect 0 0 0 1009.60888671875 0.364990234375 5.610664392849168 196998
stats: 200 0 196998
stats: size_rcv 0 71116278
stats: size_sent 0 31243422
stats: connected 0 0
# stats: dump at 1396331943
stats: users 0 503
stats: session 0 0 0 1020.9970703125 2.6259765625 14.086027564019112 196998
stats: users_count 0 196998
stats: finish_users_count 0 196998
stats: request 0 0 0 1018.761962890625 1.156005859375 12.014799560841853 196998
stats: page 0 0 0 1018.761962890625 1.156005859375 12.014799560841853 196998
stats: connect 0 0 0 1009.60888671875 0.364990234375 5.610664392849168 196998
stats: 200 0 196998
stats: size_rcv 0 71116278
stats: size_sent 0 31243422
stats: connected 0 0
# stats: dump at 1396331944
stats: users 0 503
stats: session 0 0 0 1020.9970703125 2.6259765625 14.086027564019112 196998
stats: users_count 0 196998
stats: finish_users_count 0 196998
stats: request 0 0 0 1018.761962890625 1.156005859375 12.014799560841853 196998
stats: page 0 0 0 1018.761962890625 1.156005859375 12.014799560841853 196998
stats: connect 0 0 0 1009.60888671875 0.364990234375 5.610664392849168 196998
stats: 200 0 196998
stats: size_rcv 0 71116278
stats: size_sent 0 31243422
stats: connected 0 0
EndMonitor:{1396,331944,29684}
