
=INFO REPORT==== 1-Apr-2014::01:56:53 ===
    ts_config_server:(5:<0.52.0>) Config server started, logdir is "/root/.tsung/log/20140401-0156"
 
=INFO REPORT==== 1-Apr-2014::01:56:53 ===
              ts_mon:(5:<0.51.0>) starting monitor, global 

=INFO REPORT==== 1-Apr-2014::01:56:53 ===
              ts_mon:(5:<0.53.0>) Init, log dir is "/root/.tsung/log/20140401-0156"

=INFO REPORT==== 1-Apr-2014::01:56:53 ===
              ts_mon:(5:<0.53.0>) starting monitor

=INFO REPORT==== 1-Apr-2014::01:56:53 ===
        ts_stats_mon:(5:<0.51.0>) starting stats server, global 

=INFO REPORT==== 1-Apr-2014::01:56:53 ===
        ts_stats_mon:(5:<0.55.0>) starting ts_stats_mon stats server

=INFO REPORT==== 1-Apr-2014::01:56:53 ===
        ts_stats_mon:(5:<0.51.0>) starting request stats server, global 

=INFO REPORT==== 1-Apr-2014::01:56:53 ===
        ts_stats_mon:(5:<0.56.0>) starting dedicated stats server for request 

=INFO REPORT==== 1-Apr-2014::01:56:53 ===
        ts_stats_mon:(5:<0.51.0>) starting page stats server, global 

=INFO REPORT==== 1-Apr-2014::01:56:53 ===
        ts_stats_mon:(5:<0.57.0>) starting dedicated stats server for page 

=INFO REPORT==== 1-Apr-2014::01:56:53 ===
        ts_stats_mon:(5:<0.51.0>) starting connect stats server, global 

=INFO REPORT==== 1-Apr-2014::01:56:53 ===
        ts_stats_mon:(5:<0.58.0>) starting dedicated stats server for connect 

=INFO REPORT==== 1-Apr-2014::01:56:53 ===
        ts_stats_mon:(5:<0.51.0>) starting transaction stats server, global 

=INFO REPORT==== 1-Apr-2014::01:56:53 ===
        ts_stats_mon:(5:<0.59.0>) starting transaction stats server

=INFO REPORT==== 1-Apr-2014::01:56:53 ===
     ts_match_logger:(5:<0.51.0>) starting match logger, global 

=INFO REPORT==== 1-Apr-2014::01:56:53 ===
     ts_match_logger:(5:<0.60.0>) starting match logger

=INFO REPORT==== 1-Apr-2014::01:56:53 ===
     ts_match_logger:(5:<0.60.0>) starting match logger

=INFO REPORT==== 1-Apr-2014::01:56:53 ===
           ts_config:(5:<0.52.0>) Reading config file: /root/.tsung/tsung.xml

=INFO REPORT==== 1-Apr-2014::01:56:53 ===
      ts_config_http:(4:<0.52.0>) Get user agent: 80 "Mozilla/5.0 (X11; U; Linux i686; en-US; rv:1.7.8) Gecko/20050513 Galeon/1.3.21" 

=INFO REPORT==== 1-Apr-2014::01:56:53 ===
      ts_config_http:(4:<0.52.0>) Get user agent: 20 "Mozilla/5.0 (Windows; U; Windows NT 5.2; fr-FR; rv:1.7.8) Gecko/20050511 Firefox/1.0.4" 

=INFO REPORT==== 1-Apr-2014::01:56:53 ===
           ts_config:(5:<0.52.0>) Session name for id 1 is "http-example"

=INFO REPORT==== 1-Apr-2014::01:56:53 ===
           ts_config:(5:<0.52.0>) Session type: persistent=true, bidi=false

=INFO REPORT==== 1-Apr-2014::01:56:53 ===
      ts_config_http:(5:<0.52.0>) Relative URL, single server 
=INFO REPORT==== 1-Apr-2014::01:56:53 ===
    ts_config_server:(5:<0.52.0>) SYSINFO:Tsung version: 1.4.1

=INFO REPORT==== 1-Apr-2014::01:56:53 ===
    ts_config_server:(5:<0.52.0>) SYSINFO:Erlang version: Erlang R14B04 (erts-5.8.5) [source] [64-bit] [smp:2:2] [rq:2] [async-threads:16] [kernel-poll:true]


=INFO REPORT==== 1-Apr-2014::01:56:53 ===
    ts_config_server:(5:<0.52.0>) SYSINFO:System architecture x86_64-pc-linux-gnu

=INFO REPORT==== 1-Apr-2014::01:56:53 ===
    ts_config_server:(5:<0.52.0>) SYSINFO:Current path: /usr/lib/erlang/lib/tsung-1.4.1/ebin/tsung.beam

=INFO REPORT==== 1-Apr-2014::01:56:53 ===
       ts_job_notify:(5:<0.64.0>) No listen port defined, can't open listening socket 

=INFO REPORT==== 1-Apr-2014::01:56:53 ===
           ts_os_mon:(5:<0.49.0>) os_mon disabled
=INFO REPORT==== 1-Apr-2014::01:56:53 ===
              ts_mon:(5:<0.53.0>) Activate clients with text backend

=INFO REPORT==== 1-Apr-2014::01:56:53 ===
    ts_config_server:(5:<0.52.0>) Start a launcher on the controller beam localhost

=INFO REPORT==== 1-Apr-2014::01:56:54 ===
  ts_launcher_static:(5:<0.85.0>) Launch msg receive ("localhost")

=INFO REPORT==== 1-Apr-2014::01:56:54 ===
         ts_launcher:(5:<0.86.0>) Launch msg receive ("localhost")

=INFO REPORT==== 1-Apr-2014::01:56:54 ===
              ts_mon:(5:<0.53.0>) A launcher has started

=INFO REPORT==== 1-Apr-2014::01:56:54 ===
    ts_config_server:(5:<0.52.0>) All remote beams started, sync 

=INFO REPORT==== 1-Apr-2014::01:56:54 ===
    ts_config_server:(5:<0.52.0>) New arrival phase 1 for client "localhost" (last ? true): will start 300000 users

=INFO REPORT==== 1-Apr-2014::01:56:54 ===
         ts_launcher:(5:<0.86.0>) Expected duration of first phase: 60.0 sec (300000 users) 

=INFO REPORT==== 1-Apr-2014::01:56:54 ===
         ts_launcher:(5:<0.86.0>) Activate launcher (300000 users) in 10000 msec 

=INFO REPORT==== 1-Apr-2014::01:58:04 ===
         ts_launcher:(4:<0.86.0>) Phase duration exceeded, more than 20% (34.3%) of users were not launched in time (103002 users), tsung may be overloaded !

=INFO REPORT==== 1-Apr-2014::01:58:04 ===
         ts_launcher:(5:<0.86.0>) This was the last phase, wait for connected users to finish their session

=INFO REPORT==== 1-Apr-2014::01:58:04 ===
     ts_launcher_mgr:(5:<0.81.0>) Still 29 active client(s)

=INFO REPORT==== 1-Apr-2014::01:59:04 ===
     ts_launcher_mgr:(5:<0.81.0>) No more active users tsung_controller@localhost "12996"

=INFO REPORT==== 1-Apr-2014::01:59:04 ===
              ts_mon:(5:<0.53.0>) stopping monitor (normal)
